[2017-12-09 01:58:09] /shop/index.php?act=connect_sms&op=get_captcha&nchash=1&type=1&captcha=b3xm&phone=18588290001 ( act=connect_sms&op=get_captcha ) 
MOBILE_MESSAGE: 一信通发送的数据:http://sms.api.ums86.com:8899/sms/Api/Send.do?SpCode=214455&LoginName=s-purchase&Password=AA924912&MessageContent=【万科物业采购平台】您于2017-12-09申请注册会员，动态码：317968。&UserNumber=18588290001&SerialNumber=15127558891512755889&ScheduleTime=&f=1
[2017-12-09 01:58:09] /shop/index.php?act=connect_sms&op=get_captcha&nchash=1&type=1&captcha=b3xm&phone=18588290001 ( act=connect_sms&op=get_captcha ) 
MOBILE_MESSAGE: 一信通返回的数据:result=5&description=IP不合法
[2017-12-09 01:58:19] /shop/index.php?act=connect_sms&op=get_captcha&nchash=1&type=1&captcha=b3xm&phone=18588290002 ( act=connect_sms&op=get_captcha ) 
MOBILE_MESSAGE: 一信通发送的数据:http://sms.api.ums86.com:8899/sms/Api/Send.do?SpCode=214455&LoginName=s-purchase&Password=AA924912&MessageContent=【万科物业采购平台】您于2017-12-09申请注册会员，动态码：797659。&UserNumber=18588290002&SerialNumber=15127558991512755899&ScheduleTime=&f=1
[2017-12-09 01:58:19] /shop/index.php?act=connect_sms&op=get_captcha&nchash=1&type=1&captcha=b3xm&phone=18588290002 ( act=connect_sms&op=get_captcha ) 
MOBILE_MESSAGE: 一信通返回的数据:result=5&description=IP不合法
[2017-12-09 01:58:55] /shop/index.php?act=connect_sms&op=get_captcha&nchash=1&type=1&captcha=b3xm&phone=18588290001 ( act=connect_sms&op=get_captcha ) 
MOBILE_MESSAGE: 一信通发送的数据:http://sms.api.ums86.com:8899/sms/Api/Send.do?SpCode=214455&LoginName=s-purchase&Password=AA924912&MessageContent=【万科物业采购平台】您于2017-12-09申请注册会员，动态码：644866。&UserNumber=18588290001&SerialNumber=15127559351512755935&ScheduleTime=&f=1
[2017-12-09 01:58:55] /shop/index.php?act=connect_sms&op=get_captcha&nchash=1&type=1&captcha=b3xm&phone=18588290001 ( act=connect_sms&op=get_captcha ) 
MOBILE_MESSAGE: 一信通返回的数据:result=5&description=IP不合法
[2017-12-09 02:00:47] /shop/index.php?act=connect_sms&op=get_captcha&nchash=1&type=1&captcha=9ay4&phone=18588290001 ( act=connect_sms&op=get_captcha ) 
MOBILE_MESSAGE: 一信通发送的数据:http://sms.api.ums86.com:8899/sms/Api/Send.do?SpCode=214455&LoginName=s-purchase&Password=AA924912&MessageContent=【万科物业采购平台】您于2017-12-09申请注册会员，动态码：834738。&UserNumber=18588290001&SerialNumber=15127560471512756047&ScheduleTime=&f=1
[2017-12-09 02:00:47] /shop/index.php?act=connect_sms&op=get_captcha&nchash=1&type=1&captcha=9ay4&phone=18588290001 ( act=connect_sms&op=get_captcha ) 
MOBILE_MESSAGE: 一信通返回的数据:result=5&description=IP不合法
[2017-12-09 02:07:02] /shop/index.php?act=connect_sms&op=get_captcha&nchash=1&type=1&captcha=eha3&phone=18588290001 ( act=connect_sms&op=get_captcha ) 
MOBILE_MESSAGE: 一信通发送的数据:http://sms.api.ums86.com:8899/sms/Api/Send.do?SpCode=214455&LoginName=s-purchase&Password=AA924912&MessageContent=【万科物业采购平台】您于2017-12-09申请注册会员，动态码：931307。&UserNumber=18588290001&SerialNumber=15127564221512756422&ScheduleTime=&f=1
[2017-12-09 02:07:02] /shop/index.php?act=connect_sms&op=get_captcha&nchash=1&type=1&captcha=eha3&phone=18588290001 ( act=connect_sms&op=get_captcha ) 
MOBILE_MESSAGE: 一信通返回的数据:result=5&description=IP不合法
